<?xml version="1.0" encoding="UTF-8"?>
<!-- Generated by org.testng.reporters.JUnitReportReporter -->
<testsuite skipped="0" hostname="ISOFT-LAP048" name="tests.ContactUsTest" tests="1" failures="0" timestamp="23 Oct 2018 08:27:50 GMT" time="2.297" errors="0">
  <testcase name="UserCanUseContactUs" time="2.297" classname="tests.ContactUsTest"/>
</testsuite> <!-- tests.ContactUsTest -->
