<?xml version="1.0" encoding="UTF-8"?>
<!-- Generated by org.testng.reporters.JUnitReportReporter -->
<testsuite skipped="0" hostname="ISOFT-LAP048" name="tests.UserRegistrationTestWithJavaFaker" tests="3" failures="0" timestamp="23 Oct 2018 08:27:50 GMT" time="5.685" errors="0">
  <testcase name="RegisteredUserCanLogout" time="1.105" classname="tests.UserRegistrationTestWithJavaFaker"/>
  <testcase name="RegisteredUserCanLogin" time="1.978" classname="tests.UserRegistrationTestWithJavaFaker"/>
  <testcase name="UserCanRegisterSuccssfully" time="2.602" classname="tests.UserRegistrationTestWithJavaFaker"/>
</testsuite> <!-- tests.UserRegistrationTestWithJavaFaker -->
