<?xml version="1.0" encoding="UTF-8"?>
<!-- Generated by org.testng.reporters.JUnitReportReporter -->
<testsuite skipped="0" hostname="ISOFT-LAP048" name="tests.SearchProductTest" tests="1" failures="0" timestamp="23 Oct 2018 08:27:07 GMT" time="4.616" errors="0">
  <testcase name="UserCanSearchForProducts" time="4.616" classname="tests.SearchProductTest"/>
</testsuite> <!-- tests.SearchProductTest -->
