<?xml version="1.0" encoding="UTF-8"?>
<!-- Generated by org.testng.reporters.JUnitReportReporter -->
<testsuite skipped="0" hostname="ISOFT-LAP048" name="tests.testNG" tests="1" failures="0" timestamp="23 Oct 2018 10:08:17 GMT" time="8.575" errors="0">
  <testcase name="publicvoid" time="8.575" classname="tests.testNG"/>
</testsuite> <!-- tests.testNG -->
